On row..0...####################
35...0
35...1
35...2
35...3
35...4
35...5
35...6
35...7
35...8
35...9
35...10
35...11
35...12
35...13
35...14
35...15
35...16
35...17
35...18
35...19
On row..1...#That#Terminator is#
35...0
84...1
104...2
97...3
116...4
35...5
84...6
101...7
114...8
109...9
105...10
110...11
97...12
116...13
111...14
114...15
32...16
105...17
115...18
35...19
On row..2...#out # there. It~~~#
35...0
111...1
117...2
116...3
32...4
35...5
32...6
116...7
104...8
101...9
114...10
101...11
46...12
32...13
73...14
116...15
126...16
126...17
126...18
35...19
On row..3...# can't be reasoned#
35...0
32...1
99...2
97...3
110...4
39...5
116...6
32...7
98...8
101...9
32...10
114...11
101...12
97...13
115...14
111...15
110...16
101...17
100...18
35...19
On row..4...# with. It doesn't #
35...0
32...1
119...2
105...3
116...4
104...5
46...6
32...7
73...8
116...9
32...10
100...11
111...12
101...13
115...14
110...15
39...16
116...17
32...18
35...19
On row..5...#feel ### pity or###
35...0
102...1
101...2
101...3
108...4
32...5
35...6
35...7
35...8
32...9
112...10
105...11
116...12
121...13
32...14
111...15
114...16
35...17
35...18
35...19
On row..6...# remorse ### or ###
35...0
32...1
114...2
101...3
109...4
111...5
114...6
115...7
101...8
32...9
35...10
35...11
35...12
32...13
111...14
114...15
32...16
35...17
35...18
35...19
On row..7...# fear ~ and it ~  #
35...0
32...1
102...2
101...3
97...4
114...5
32...6
126...7
32...8
97...9
110...10
100...11
32...12
105...13
116...14
32...15
126...16
32...17
32...18
35...19
On row..8...# absolutely ~ will#
35...0
32...1
97...2
98...3
115...4
111...5
108...6
117...7
116...8
101...9
108...10
121...11
32...12
126...13
32...14
119...15
105...16
108...17
108...18
35...19
On row..9...#not ## stop. Ever.#
35...0
110...1
111...2
116...3
32...4
35...5
35...6
32...7
115...8
116...9
111...10
112...11
46...12
32...13
69...14
118...15
101...16
114...17
46...18
35...19
On row..10...# Until ~ you ~ are#
35...0
32...1
85...2
110...3
116...4
105...5
108...6
32...7
126...8
32...9
121...10
111...11
117...12
32...13
126...14
32...15
97...16
114...17
101...18
35...19
On row..11...#     ~ dead ~     #
35...0
32...1
32...2
32...3
32...4
32...5
126...6
32...7
100...8
101...9
97...10
100...11
32...12
126...13
32...14
32...15
32...16
32...17
32...18
35...19
On row..12...####################
35...0
35...1
35...2
35...3
35...4
35...5
35...6
35...7
35...8
35...9
35...10
35...11
35...12
35...13
35...14
35...15
35...16
35...17
35...18
35...19
On row..13.../1.35 1 1           
HI!
1.35 1 1           
1.35
1
1
XXX
On row..0...####################
35...0
35...1
35...2
35...3
35...4
35...5
35...6
35...7
35...8
35...9
35...10
35...11
35...12
35...13
35...14
35...15
35...16
35...17
35...18
35...19
On row..1...#That#Terminator is#
35...0
84...1
104...2
97...3
116...4
35...5
84...6
101...7
114...8
109...9
105...10
110...11
97...12
116...13
111...14
114...15
32...16
105...17
115...18
35...19
On row..2...#out # there. It~~~#
35...0
111...1
117...2
116...3
32...4
35...5
32...6
116...7
104...8
101...9
114...10
101...11
46...12
32...13
73...14
116...15
126...16
126...17
126...18
35...19
On row..3...# can't be reasoned#
35...0
32...1
99...2
97...3
110...4
39...5
116...6
32...7
98...8
101...9
32...10
114...11
101...12
97...13
115...14
111...15
110...16
101...17
100...18
35...19
On row..4...# with. It doesn't #
35...0
32...1
119...2
105...3
116...4
104...5
46...6
32...7
73...8
116...9
32...10
100...11
111...12
101...13
115...14
110...15
39...16
116...17
32...18
35...19
On row..5...#feel ### pity or###
35...0
102...1
101...2
101...3
108...4
32...5
35...6
35...7
35...8
32...9
112...10
105...11
116...12
121...13
32...14
111...15
114...16
35...17
35...18
35...19
On row..6...# remorse ### or ###
35...0
32...1
114...2
101...3
109...4
111...5
114...6
115...7
101...8
32...9
35...10
35...11
35...12
32...13
111...14
114...15
32...16
35...17
35...18
35...19
On row..7...# fear ~ and it ~  #
35...0
32...1
102...2
101...3
97...4
114...5
32...6
126...7
32...8
97...9
110...10
100...11
32...12
105...13
116...14
32...15
126...16
32...17
32...18
35...19
On row..8...# absolutely ~ will#
35...0
32...1
97...2
98...3
115...4
111...5
108...6
117...7
116...8
101...9
108...10
121...11
32...12
126...13
32...14
119...15
105...16
108...17
108...18
35...19
On row..9...#not ## stop. Ever.#
35...0
110...1
111...2
116...3
32...4
35...5
35...6
32...7
115...8
116...9
111...10
112...11
46...12
32...13
69...14
118...15
101...16
114...17
46...18
35...19
On row..10...# Until ~ you ~ are#
35...0
32...1
85...2
110...3
116...4
105...5
108...6
32...7
126...8
32...9
121...10
111...11
117...12
32...13
126...14
32...15
97...16
114...17
101...18
35...19
On row..11...#     ~ dead ~     #
35...0
32...1
32...2
32...3
32...4
32...5
126...6
32...7
100...8
101...9
97...10
100...11
32...12
126...13
32...14
32...15
32...16
32...17
32...18
35...19
On row..12...####################
35...0
35...1
35...2
35...3
35...4
35...5
35...6
35...7
35...8
35...9
35...10
35...11
35...12
35...13
35...14
35...15
35...16
35...17
35...18
35...19
On row..13.../1.35 1 1           
HI!
1.35
1
1
On row..0...####################
35...0
35...1
35...2
35...3
35...4
35...5
35...6
35...7
35...8
35...9
35...10
35...11
35...12
35...13
35...14
35...15
35...16
35...17
35...18
35...19
On row..1...#That#Terminator is#
35...0
84...1
104...2
97...3
116...4
35...5
84...6
101...7
114...8
109...9
105...10
110...11
97...12
116...13
111...14
114...15
32...16
105...17
115...18
35...19
On row..2...#out # there. It~~~#
35...0
111...1
117...2
116...3
32...4
35...5
32...6
116...7
104...8
101...9
114...10
101...11
46...12
32...13
73...14
116...15
126...16
126...17
126...18
35...19
On row..3...# can't be reasoned#
35...0
32...1
99...2
97...3
110...4
39...5
116...6
32...7
98...8
101...9
32...10
114...11
101...12
97...13
115...14
111...15
110...16
101...17
100...18
35...19
On row..4...# with. It doesn't #
35...0
32...1
119...2
105...3
116...4
104...5
46...6
32...7
73...8
116...9
32...10
100...11
111...12
101...13
115...14
110...15
39...16
116...17
32...18
35...19
On row..5...#feel ### pity or###
35...0
102...1
101...2
101...3
108...4
32...5
35...6
35...7
35...8
32...9
112...10
105...11
116...12
121...13
32...14
111...15
114...16
35...17
35...18
35...19
On row..6...# remorse ### or ###
35...0
32...1
114...2
101...3
109...4
111...5
114...6
115...7
101...8
32...9
35...10
35...11
35...12
32...13
111...14
114...15
32...16
35...17
35...18
35...19
On row..7...# fear ~ and it ~  #
35...0
32...1
102...2
101...3
97...4
114...5
32...6
126...7
32...8
97...9
110...10
100...11
32...12
105...13
116...14
32...15
126...16
32...17
32...18
35...19
On row..8...# absolutely ~ will#
35...0
32...1
97...2
98...3
115...4
111...5
108...6
117...7
116...8
101...9
108...10
121...11
32...12
126...13
32...14
119...15
105...16
108...17
108...18
35...19
On row..9...#not ## stop. Ever.#
35...0
110...1
111...2
116...3
32...4
35...5
35...6
32...7
115...8
116...9
111...10
112...11
46...12
32...13
69...14
118...15
101...16
114...17
46...18
35...19
On row..10...# Until ~ you ~ are#
35...0
32...1
85...2
110...3
116...4
105...5
108...6
32...7
126...8
32...9
121...10
111...11
117...12
32...13
126...14
32...15
97...16
114...17
101...18
35...19
On row..11...#     ~ dead ~     #
35...0
32...1
32...2
32...3
32...4
32...5
126...6
32...7
100...8
101...9
97...10
100...11
32...12
126...13
32...14
32...15
32...16
32...17
32...18
35...19
On row..12...####################
35...0
35...1
35...2
35...3
35...4
35...5
35...6
35...7
35...8
35...9
35...10
35...11
35...12
35...13
35...14
35...15
35...16
35...17
35...18
35...19
On row..13.../1.35 1 1           
HI!
1.35
1
1
On row..0...####################
35...0
35...1
35...2
35...3
35...4
35...5
35...6
35...7
35...8
35...9
35...10
35...11
35...12
35...13
35...14
35...15
35...16
35...17
35...18
35...19
On row..1...#That#Terminator is#
35...0
84...1
104...2
97...3
116...4
35...5
84...6
101...7
114...8
109...9
105...10
110...11
97...12
116...13
111...14
114...15
32...16
105...17
115...18
35...19
On row..2...#out # there. It~~~#
35...0
111...1
117...2
116...3
32...4
35...5
32...6
116...7
104...8
101...9
114...10
101...11
46...12
32...13
73...14
116...15
126...16
126...17
126...18
35...19
On row..3...# can't be reasoned#
35...0
32...1
99...2
97...3
110...4
39...5
116...6
32...7
98...8
101...9
32...10
114...11
101...12
97...13
115...14
111...15
110...16
101...17
100...18
35...19
On row..4...# with. It doesn't #
35...0
32...1
119...2
105...3
116...4
104...5
46...6
32...7
73...8
116...9
32...10
100...11
111...12
101...13
115...14
110...15
39...16
116...17
32...18
35...19
On row..5...#feel ### pity or###
35...0
102...1
101...2
101...3
108...4
32...5
35...6
35...7
35...8
32...9
112...10
105...11
116...12
121...13
32...14
111...15
114...16
35...17
35...18
35...19
On row..6...# remorse ### or ###
35...0
32...1
114...2
101...3
109...4
111...5
114...6
115...7
101...8
32...9
35...10
35...11
35...12
32...13
111...14
114...15
32...16
35...17
35...18
35...19
On row..7...# fear ~ and it ~  #
35...0
32...1
102...2
101...3
97...4
114...5
32...6
126...7
32...8
97...9
110...10
100...11
32...12
105...13
116...14
32...15
126...16
32...17
32...18
35...19
On row..8...# absolutely ~ will#
35...0
32...1
97...2
98...3
115...4
111...5
108...6
117...7
116...8
101...9
108...10
121...11
32...12
126...13
32...14
119...15
105...16
108...17
108...18
35...19
On row..9...#not ## stop. Ever.#
35...0
110...1
111...2
116...3
32...4
35...5
35...6
32...7
115...8
116...9
111...10
112...11
46...12
32...13
69...14
118...15
101...16
114...17
46...18
35...19
On row..10...# Until ~ you ~ are#
35...0
32...1
85...2
110...3
116...4
105...5
108...6
32...7
126...8
32...9
121...10
111...11
117...12
32...13
126...14
32...15
97...16
114...17
101...18
35...19
On row..11...#     ~ dead ~     #
35...0
32...1
32...2
32...3
32...4
32...5
126...6
32...7
100...8
101...9
97...10
100...11
32...12
126...13
32...14
32...15
32...16
32...17
32...18
35...19
On row..12...####################
35...0
35...1
35...2
35...3
35...4
35...5
35...6
35...7
35...8
35...9
35...10
35...11
35...12
35...13
35...14
35...15
35...16
35...17
35...18
35...19
On row..13.../1.35 1 1           
HI!
1.35
1
1
xx
On row..14.../1.2 10 1           
HI!
1.2
10
1
xx
On row..15.../1.4 14 12           
HI!
1.4
14
12
xx
LLLL
On row..0...####################
35...0
35...1
35...2
35...3
35...4
35...5
35...6
35...7
35...8
35...9
35...10
35...11
35...12
35...13
35...14
35...15
35...16
35...17
35...18
35...19
On row..1...#That#Terminator is#
35...0
84...1
104...2
97...3
116...4
35...5
84...6
101...7
114...8
109...9
105...10
110...11
97...12
116...13
111...14
114...15
32...16
105...17
115...18
35...19
On row..2...#out # there. It~~~#
35...0
111...1
117...2
116...3
32...4
35...5
32...6
116...7
104...8
101...9
114...10
101...11
46...12
32...13
73...14
116...15
126...16
126...17
126...18
35...19
On row..3...# can't be reasoned#
35...0
32...1
99...2
97...3
110...4
39...5
116...6
32...7
98...8
101...9
32...10
114...11
101...12
97...13
115...14
111...15
110...16
101...17
100...18
35...19
On row..4...# with. It doesn't #
35...0
32...1
119...2
105...3
116...4
104...5
46...6
32...7
73...8
116...9
32...10
100...11
111...12
101...13
115...14
110...15
39...16
116...17
32...18
35...19
On row..5...#feel ### pity or###
35...0
102...1
101...2
101...3
108...4
32...5
35...6
35...7
35...8
32...9
112...10
105...11
116...12
121...13
32...14
111...15
114...16
35...17
35...18
35...19
On row..6...# remorse ### or ###
35...0
32...1
114...2
101...3
109...4
111...5
114...6
115...7
101...8
32...9
35...10
35...11
35...12
32...13
111...14
114...15
32...16
35...17
35...18
35...19
On row..7...# fear ~ and it ~  #
35...0
32...1
102...2
101...3
97...4
114...5
32...6
126...7
32...8
97...9
110...10
100...11
32...12
105...13
116...14
32...15
126...16
32...17
32...18
35...19
On row..8...# absolutely ~ will#
35...0
32...1
97...2
98...3
115...4
111...5
108...6
117...7
116...8
101...9
108...10
121...11
32...12
126...13
32...14
119...15
105...16
108...17
108...18
35...19
On row..9...#not ## stop. Ever.#
35...0
110...1
111...2
116...3
32...4
35...5
35...6
32...7
115...8
116...9
111...10
112...11
46...12
32...13
69...14
118...15
101...16
114...17
46...18
35...19
On row..10...# Until ~ you ~ are#
35...0
32...1
85...2
110...3
116...4
105...5
108...6
32...7
126...8
32...9
121...10
111...11
117...12
32...13
126...14
32...15
97...16
114...17
101...18
35...19
On row..11...#     ~ dead ~     #
35...0
32...1
32...2
32...3
32...4
32...5
126...6
32...7
100...8
101...9
97...10
100...11
32...12
126...13
32...14
32...15
32...16
32...17
32...18
35...19
On row..12...####################
35...0
35...1
35...2
35...3
35...4
35...5
35...6
35...7
35...8
35...9
35...10
35...11
35...12
35...13
35...14
35...15
35...16
35...17
35...18
35...19
On row..13.../1.35 1 1           
HI!
1.35
1
1
xx
On row..14.../1.2 10 1           
HI!
1.2
10
1
xx
On row..15.../1.4 14 12           
HI!
1.4
14
12
xx
LLLL
On row..0...####################
35...0
35...1
35...2
35...3
35...4
35...5
35...6
35...7
35...8
35...9
35...10
35...11
35...12
35...13
35...14
35...15
35...16
35...17
35...18
35...19
On row..1...#That#Terminator is#
35...0
84...1
104...2
97...3
116...4
35...5
84...6
101...7
114...8
109...9
105...10
110...11
97...12
116...13
111...14
114...15
32...16
105...17
115...18
35...19
On row..2...#out # there. It~~~#
35...0
111...1
117...2
116...3
32...4
35...5
32...6
116...7
104...8
101...9
114...10
101...11
46...12
32...13
73...14
116...15
126...16
126...17
126...18
35...19
On row..3...# can't be reasoned#
35...0
32...1
99...2
97...3
110...4
39...5
116...6
32...7
98...8
101...9
32...10
114...11
101...12
97...13
115...14
111...15
110...16
101...17
100...18
35...19
On row..4...# with. It doesn't #
35...0
32...1
119...2
105...3
116...4
104...5
46...6
32...7
73...8
116...9
32...10
100...11
111...12
101...13
115...14
110...15
39...16
116...17
32...18
35...19
On row..5...#feel ### pity or###
35...0
102...1
101...2
101...3
108...4
32...5
35...6
35...7
35...8
32...9
112...10
105...11
116...12
121...13
32...14
111...15
114...16
35...17
35...18
35...19
On row..6...# remorse ### or ###
35...0
32...1
114...2
101...3
109...4
111...5
114...6
115...7
101...8
32...9
35...10
35...11
35...12
32...13
111...14
114...15
32...16
35...17
35...18
35...19
On row..7...# fear ~ and it ~  #
35...0
32...1
102...2
101...3
97...4
114...5
32...6
126...7
32...8
97...9
110...10
100...11
32...12
105...13
116...14
32...15
126...16
32...17
32...18
35...19
On row..8...# absolutely ~ will#
35...0
32...1
97...2
98...3
115...4
111...5
108...6
117...7
116...8
101...9
108...10
121...11
32...12
126...13
32...14
119...15
105...16
108...17
108...18
35...19
On row..9...#not ## stop. Ever.#
35...0
110...1
111...2
116...3
32...4
35...5
35...6
32...7
115...8
116...9
111...10
112...11
46...12
32...13
69...14
118...15
101...16
114...17
46...18
35...19
On row..10...# Until ~ you ~ are#
35...0
32...1
85...2
110...3
116...4
105...5
108...6
32...7
126...8
32...9
121...10
111...11
117...12
32...13
126...14
32...15
97...16
114...17
101...18
35...19
On row..11...#     ~ dead ~     #
35...0
32...1
32...2
32...3
32...4
32...5
126...6
32...7
100...8
101...9
97...10
100...11
32...12
126...13
32...14
32...15
32...16
32...17
32...18
35...19
On row..12...####################
35...0
35...1
35...2
35...3
35...4
35...5
35...6
35...7
35...8
35...9
35...10
35...11
35...12
35...13
35...14
35...15
35...16
35...17
35...18
35...19
On row..13.../1.35 1 1           
HI!
1.35
1
1
xx
On row..14.../1.2 10 1           
HI!
1.2
10
1
xx
On row..15.../1.4 14 12           
HI!
1.4
14
12
xx
LLLL
On row..0...####################
35...0
35...1
35...2
35...3
35...4
35...5
35...6
35...7
35...8
35...9
35...10
35...11
35...12
35...13
35...14
35...15
35...16
35...17
35...18
35...19
On row..1...#That#Terminator is#
35...0
84...1
104...2
97...3
116...4
35...5
84...6
101...7
114...8
109...9
105...10
110...11
97...12
116...13
111...14
114...15
32...16
105...17
115...18
35...19
On row..2...#out # there. It~~~#
35...0
111...1
117...2
116...3
32...4
35...5
32...6
116...7
104...8
101...9
114...10
101...11
46...12
32...13
73...14
116...15
126...16
126...17
126...18
35...19
On row..3...# can't be reasoned#
35...0
32...1
99...2
97...3
110...4
39...5
116...6
32...7
98...8
101...9
32...10
114...11
101...12
97...13
115...14
111...15
110...16
101...17
100...18
35...19
On row..4...# with. It doesn't #
35...0
32...1
119...2
105...3
116...4
104...5
46...6
32...7
73...8
116...9
32...10
100...11
111...12
101...13
115...14
110...15
39...16
116...17
32...18
35...19
On row..5...#feel ### pity or###
35...0
102...1
101...2
101...3
108...4
32...5
35...6
35...7
35...8
32...9
112...10
105...11
116...12
121...13
32...14
111...15
114...16
35...17
35...18
35...19
On row..6...# remorse ### or ###
35...0
32...1
114...2
101...3
109...4
111...5
114...6
115...7
101...8
32...9
35...10
35...11
35...12
32...13
111...14
114...15
32...16
35...17
35...18
35...19
On row..7...# fear ~ and it ~  #
35...0
32...1
102...2
101...3
97...4
114...5
32...6
126...7
32...8
97...9
110...10
100...11
32...12
105...13
116...14
32...15
126...16
32...17
32...18
35...19
On row..8...# absolutely ~ will#
35...0
32...1
97...2
98...3
115...4
111...5
108...6
117...7
116...8
101...9
108...10
121...11
32...12
126...13
32...14
119...15
105...16
108...17
108...18
35...19
On row..9...#not ## stop. Ever.#
35...0
110...1
111...2
116...3
32...4
35...5
35...6
32...7
115...8
116...9
111...10
112...11
46...12
32...13
69...14
118...15
101...16
114...17
46...18
35...19
On row..10...# Until ~ you ~ are#
35...0
32...1
85...2
110...3
116...4
105...5
108...6
32...7
126...8
32...9
121...10
111...11
117...12
32...13
126...14
32...15
97...16
114...17
101...18
35...19
On row..11...#     ~ dead ~     #
35...0
32...1
32...2
32...3
32...4
32...5
126...6
32...7
100...8
101...9
97...10
100...11
32...12
126...13
32...14
32...15
32...16
32...17
32...18
35...19
On row..12...####################
35...0
35...1
35...2
35...3
35...4
35...5
35...6
35...7
35...8
35...9
35...10
35...11
35...12
35...13
35...14
35...15
35...16
35...17
35...18
35...19
On row..13.../1.35 1 1           
HI!
1.35
1
1
xx
On row..14.../1.2 3 1           
HI!
1.2
3
1
xx
On row..15.../1.4 5 1           
HI!
1.4
5
1
xx
LLLL
On row..0...####################
35...0
35...1
35...2
35...3
35...4
35...5
35...6
35...7
35...8
35...9
35...10
35...11
35...12
35...13
35...14
35...15
35...16
35...17
35...18
35...19
On row..1...#That#Terminator is#
35...0
84...1
104...2
97...3
116...4
35...5
84...6
101...7
114...8
109...9
105...10
110...11
97...12
116...13
111...14
114...15
32...16
105...17
115...18
35...19
On row..2...#out # there. It~~~#
35...0
111...1
117...2
116...3
32...4
35...5
32...6
116...7
104...8
101...9
114...10
101...11
46...12
32...13
73...14
116...15
126...16
126...17
126...18
35...19
On row..3...# can't be reasoned#
35...0
32...1
99...2
97...3
110...4
39...5
116...6
32...7
98...8
101...9
32...10
114...11
101...12
97...13
115...14
111...15
110...16
101...17
100...18
35...19
On row..4...# with. It doesn't #
35...0
32...1
119...2
105...3
116...4
104...5
46...6
32...7
73...8
116...9
32...10
100...11
111...12
101...13
115...14
110...15
39...16
116...17
32...18
35...19
On row..5...#feel ### pity or###
35...0
102...1
101...2
101...3
108...4
32...5
35...6
35...7
35...8
32...9
112...10
105...11
116...12
121...13
32...14
111...15
114...16
35...17
35...18
35...19
On row..6...# remorse ### or ###
35...0
32...1
114...2
101...3
109...4
111...5
114...6
115...7
101...8
32...9
35...10
35...11
35...12
32...13
111...14
114...15
32...16
35...17
35...18
35...19
On row..7...# fear ~ and it ~  #
35...0
32...1
102...2
101...3
97...4
114...5
32...6
126...7
32...8
97...9
110...10
100...11
32...12
105...13
116...14
32...15
126...16
32...17
32...18
35...19
On row..8...# absolutely ~ will#
35...0
32...1
97...2
98...3
115...4
111...5
108...6
117...7
116...8
101...9
108...10
121...11
32...12
126...13
32...14
119...15
105...16
108...17
108...18
35...19
On row..9...#not ## stop. Ever.#
35...0
110...1
111...2
116...3
32...4
35...5
35...6
32...7
115...8
116...9
111...10
112...11
46...12
32...13
69...14
118...15
101...16
114...17
46...18
35...19
On row..10...# Until ~ you ~ are#
35...0
32...1
85...2
110...3
116...4
105...5
108...6
32...7
126...8
32...9
121...10
111...11
117...12
32...13
126...14
32...15
97...16
114...17
101...18
35...19
On row..11...#     ~ dead ~     #
35...0
32...1
32...2
32...3
32...4
32...5
126...6
32...7
100...8
101...9
97...10
100...11
32...12
126...13
32...14
32...15
32...16
32...17
32...18
35...19
On row..12...####################
35...0
35...1
35...2
35...3
35...4
35...5
35...6
35...7
35...8
35...9
35...10
35...11
35...12
35...13
35...14
35...15
35...16
35...17
35...18
35...19
On row..13.../1.35 1 1           
HI!
1.35
1
1
xx
On row..14.../1.2 3 10          
HI!
1.2
3
10
xx
On row..15.../1.4 10 10          
HI!
1.4
10
10
xx
LLLL
On row..0...####################
35...0
35...1
35...2
35...3
35...4
35...5
35...6
35...7
35...8
35...9
35...10
35...11
35...12
35...13
35...14
35...15
35...16
35...17
35...18
35...19
On row..1...#That#Terminator is#
35...0
84...1
104...2
97...3
116...4
35...5
84...6
101...7
114...8
109...9
105...10
110...11
97...12
116...13
111...14
114...15
32...16
105...17
115...18
35...19
On row..2...#out # there. It~~~#
35...0
111...1
117...2
116...3
32...4
35...5
32...6
116...7
104...8
101...9
114...10
101...11
46...12
32...13
73...14
116...15
126...16
126...17
126...18
35...19
On row..3...# can't be reasoned#
35...0
32...1
99...2
97...3
110...4
39...5
116...6
32...7
98...8
101...9
32...10
114...11
101...12
97...13
115...14
111...15
110...16
101...17
100...18
35...19
On row..4...# with. It doesn't #
35...0
32...1
119...2
105...3
116...4
104...5
46...6
32...7
73...8
116...9
32...10
100...11
111...12
101...13
115...14
110...15
39...16
116...17
32...18
35...19
On row..5...#feel ### pity or###
35...0
102...1
101...2
101...3
108...4
32...5
35...6
35...7
35...8
32...9
112...10
105...11
116...12
121...13
32...14
111...15
114...16
35...17
35...18
35...19
On row..6...# remorse ### or ###
35...0
32...1
114...2
101...3
109...4
111...5
114...6
115...7
101...8
32...9
35...10
35...11
35...12
32...13
111...14
114...15
32...16
35...17
35...18
35...19
On row..7...# fear ~ and it ~  #
35...0
32...1
102...2
101...3
97...4
114...5
32...6
126...7
32...8
97...9
110...10
100...11
32...12
105...13
116...14
32...15
126...16
32...17
32...18
35...19
On row..8...# absolutely ~ will#
35...0
32...1
97...2
98...3
115...4
111...5
108...6
117...7
116...8
101...9
108...10
121...11
32...12
126...13
32...14
119...15
105...16
108...17
108...18
35...19
On row..9...#not ## stop. Ever.#
35...0
110...1
111...2
116...3
32...4
35...5
35...6
32...7
115...8
116...9
111...10
112...11
46...12
32...13
69...14
118...15
101...16
114...17
46...18
35...19
On row..10...# Until ~ you ~ are#
35...0
32...1
85...2
110...3
116...4
105...5
108...6
32...7
126...8
32...9
121...10
111...11
117...12
32...13
126...14
32...15
97...16
114...17
101...18
35...19
On row..11...#     ~ dead ~     #
35...0
32...1
32...2
32...3
32...4
32...5
126...6
32...7
100...8
101...9
97...10
100...11
32...12
126...13
32...14
32...15
32...16
32...17
32...18
35...19
On row..12...####################
35...0
35...1
35...2
35...3
35...4
35...5
35...6
35...7
35...8
35...9
35...10
35...11
35...12
35...13
35...14
35...15
35...16
35...17
35...18
35...19
On row..13.../1.35 1 1           
HI!
1.35
1
1
xx
On row..14.../1.2 3 10          
HI!
1.2
3
10
xx
On row..15.../1.4 10 10          
HI!
1.4
10
10
xx
LLLL
On row..0...####################
35...0
35...1
35...2
35...3
35...4
35...5
35...6
35...7
35...8
35...9
35...10
35...11
35...12
35...13
35...14
35...15
35...16
35...17
35...18
35...19
On row..1...#That#Terminator is#
35...0
84...1
104...2
97...3
116...4
35...5
84...6
101...7
114...8
109...9
105...10
110...11
97...12
116...13
111...14
114...15
32...16
105...17
115...18
35...19
On row..2...#out # there. It~~~#
35...0
111...1
117...2
116...3
32...4
35...5
32...6
116...7
104...8
101...9
114...10
101...11
46...12
32...13
73...14
116...15
126...16
126...17
126...18
35...19
On row..3...# can't be reasoned#
35...0
32...1
99...2
97...3
110...4
39...5
116...6
32...7
98...8
101...9
32...10
114...11
101...12
97...13
115...14
111...15
110...16
101...17
100...18
35...19
On row..4...# with. It doesn't #
35...0
32...1
119...2
105...3
116...4
104...5
46...6
32...7
73...8
116...9
32...10
100...11
111...12
101...13
115...14
110...15
39...16
116...17
32...18
35...19
On row..5...#feel ### pity or###
35...0
102...1
101...2
101...3
108...4
32...5
35...6
35...7
35...8
32...9
112...10
105...11
116...12
121...13
32...14
111...15
114...16
35...17
35...18
35...19
On row..6...# remorse ### or ###
35...0
32...1
114...2
101...3
109...4
111...5
114...6
115...7
101...8
32...9
35...10
35...11
35...12
32...13
111...14
114...15
32...16
35...17
35...18
35...19
On row..7...# fear ~ and it ~  #
35...0
32...1
102...2
101...3
97...4
114...5
32...6
126...7
32...8
97...9
110...10
100...11
32...12
105...13
116...14
32...15
126...16
32...17
32...18
35...19
On row..8...# absolutely ~ will#
35...0
32...1
97...2
98...3
115...4
111...5
108...6
117...7
116...8
101...9
108...10
121...11
32...12
126...13
32...14
119...15
105...16
108...17
108...18
35...19
On row..9...#not ## stop. Ever.#
35...0
110...1
111...2
116...3
32...4
35...5
35...6
32...7
115...8
116...9
111...10
112...11
46...12
32...13
69...14
118...15
101...16
114...17
46...18
35...19
On row..10...# Until ~ you ~ are#
35...0
32...1
85...2
110...3
116...4
105...5
108...6
32...7
126...8
32...9
121...10
111...11
117...12
32...13
126...14
32...15
97...16
114...17
101...18
35...19
On row..11...#     ~ dead ~     #
35...0
32...1
32...2
32...3
32...4
32...5
126...6
32...7
100...8
101...9
97...10
100...11
32...12
126...13
32...14
32...15
32...16
32...17
32...18
35...19
On row..12...####################
35...0
35...1
35...2
35...3
35...4
35...5
35...6
35...7
35...8
35...9
35...10
35...11
35...12
35...13
35...14
35...15
35...16
35...17
35...18
35...19
On row..13.../1.35 1 1           
HI!
1.35
1
1
xx
On row..14.../1.2 3 10          
HI!
1.2
3
10
xx
On row..15.../1.4 10 10          
HI!
1.4
10
10
xx
LLLL
On row..0...####################
35...0
35...1
35...2
35...3
35...4
35...5
35...6
35...7
35...8
35...9
35...10
35...11
35...12
35...13
35...14
35...15
35...16
35...17
35...18
35...19
On row..1...#That#Terminator is#
35...0
84...1
104...2
97...3
116...4
35...5
84...6
101...7
114...8
109...9
105...10
110...11
97...12
116...13
111...14
114...15
32...16
105...17
115...18
35...19
On row..2...#out # there. It~~~#
35...0
111...1
117...2
116...3
32...4
35...5
32...6
116...7
104...8
101...9
114...10
101...11
46...12
32...13
73...14
116...15
126...16
126...17
126...18
35...19
On row..3...# can't be reasoned#
35...0
32...1
99...2
97...3
110...4
39...5
116...6
32...7
98...8
101...9
32...10
114...11
101...12
97...13
115...14
111...15
110...16
101...17
100...18
35...19
On row..4...# with. It doesn't #
35...0
32...1
119...2
105...3
116...4
104...5
46...6
32...7
73...8
116...9
32...10
100...11
111...12
101...13
115...14
110...15
39...16
116...17
32...18
35...19
On row..5...#feel ### pity or###
35...0
102...1
101...2
101...3
108...4
32...5
35...6
35...7
35...8
32...9
112...10
105...11
116...12
121...13
32...14
111...15
114...16
35...17
35...18
35...19
On row..6...# remorse ### or ###
35...0
32...1
114...2
101...3
109...4
111...5
114...6
115...7
101...8
32...9
35...10
35...11
35...12
32...13
111...14
114...15
32...16
35...17
35...18
35...19
On row..7...# fear ~ and it ~  #
35...0
32...1
102...2
101...3
97...4
114...5
32...6
126...7
32...8
97...9
110...10
100...11
32...12
105...13
116...14
32...15
126...16
32...17
32...18
35...19
On row..8...# absolutely ~ will#
35...0
32...1
97...2
98...3
115...4
111...5
108...6
117...7
116...8
101...9
108...10
121...11
32...12
126...13
32...14
119...15
105...16
108...17
108...18
35...19
On row..9...#not ## stop. Ever.#
35...0
110...1
111...2
116...3
32...4
35...5
35...6
32...7
115...8
116...9
111...10
112...11
46...12
32...13
69...14
118...15
101...16
114...17
46...18
35...19
On row..10...# Until ~ you ~ are#
35...0
32...1
85...2
110...3
116...4
105...5
108...6
32...7
126...8
32...9
121...10
111...11
117...12
32...13
126...14
32...15
97...16
114...17
101...18
35...19
On row..11...#     ~ dead ~     #
35...0
32...1
32...2
32...3
32...4
32...5
126...6
32...7
100...8
101...9
97...10
100...11
32...12
126...13
32...14
32...15
32...16
32...17
32...18
35...19
On row..12...####################
35...0
35...1
35...2
35...3
35...4
35...5
35...6
35...7
35...8
35...9
35...10
35...11
35...12
35...13
35...14
35...15
35...16
35...17
35...18
35...19
On row..13.../1.35 1 1           
HI!
1.35
1
1
xx
On row..14.../1.2 3 10          
HI!
1.2
3
10
xx
On row..15.../1.4 10 10          
HI!
1.4
10
10
xx
LLLL
On row..0...#############
35...0
35...1
35...2
35...3
35...4
35...5
35...6
35...7
35...8
35...9
35...10
35...11
35...12
On row..1...#Do~  #not~ #
35...0
68...1
111...2
126...3
32...4
32...5
35...6
110...7
111...8
116...9
126...10
32...11
35...12
On row..2...# try #~and #
35...0
32...1
116...2
114...3
121...4
32...5
35...6
126...7
97...8
110...9
100...10
32...11
35...12
On row..3...#bend #the~ #
35...0
98...1
101...2
110...3
100...4
32...5
35...6
116...7
104...8
101...9
126...10
32...11
35...12
On row..4...####spoon####
35...0
35...1
35...2
35...3
115...4
112...5
111...6
111...7
110...8
35...9
35...10
35...11
35...12
On row..5...# ~Instead, #
35...0
32...1
126...2
73...3
110...4
115...5
116...6
101...7
97...8
100...9
44...10
32...11
35...12
On row..6...#####try#####
35...0
35...1
35...2
35...3
35...4
116...5
114...6
121...7
35...8
35...9
35...10
35...11
35...12
On row..7...#to realize #
35...0
116...1
111...2
32...3
114...4
101...5
97...6
108...7
105...8
122...9
101...10
32...11
35...12
On row..8...#the#truth. #
35...0
116...1
104...2
101...3
35...4
116...5
114...6
117...7
116...8
104...9
46...10
32...11
35...12
On row..9...#   ####    #
35...0
32...1
32...2
32...3
35...4
35...5
35...6
35...7
32...8
32...9
32...10
32...11
35...12
On row..10...#   There~is#
35...0
32...1
32...2
32...3
84...4
104...5
101...6
114...7
101...8
126...9
105...10
115...11
35...12
On row..11...#~no#spoon.~#
35...0
126...1
110...2
111...3
35...4
115...5
112...6
111...7
111...8
110...9
46...10
126...11
35...12
On row..12...#   #       #
35...0
32...1
32...2
32...3
35...4
32...5
32...6
32...7
32...8
32...9
32...10
32...11
35...12
On row..13...#############
35...0
35...1
35...2
35...3
35...4
35...5
35...6
35...7
35...8
35...9
35...10
35...11
35...12
LLLL
On row..0...#############
35...0
35...1
35...2
35...3
35...4
35...5
35...6
35...7
35...8
35...9
35...10
35...11
35...12
On row..1...#Do~  #not~ #
35...0
68...1
111...2
126...3
32...4
32...5
35...6
110...7
111...8
116...9
126...10
32...11
35...12
On row..2...# try #~and #
35...0
32...1
116...2
114...3
121...4
32...5
35...6
126...7
97...8
110...9
100...10
32...11
35...12
On row..3...#bend #the~ #
35...0
98...1
101...2
110...3
100...4
32...5
35...6
116...7
104...8
101...9
126...10
32...11
35...12
On row..4...####spoon####
35...0
35...1
35...2
35...3
115...4
112...5
111...6
111...7
110...8
35...9
35...10
35...11
35...12
On row..5...# ~Instead, #
35...0
32...1
126...2
73...3
110...4
115...5
116...6
101...7
97...8
100...9
44...10
32...11
35...12
On row..6...#####try#####
35...0
35...1
35...2
35...3
35...4
116...5
114...6
121...7
35...8
35...9
35...10
35...11
35...12
On row..7...#to realize #
35...0
116...1
111...2
32...3
114...4
101...5
97...6
108...7
105...8
122...9
101...10
32...11
35...12
On row..8...#the#truth. #
35...0
116...1
104...2
101...3
35...4
116...5
114...6
117...7
116...8
104...9
46...10
32...11
35...12
On row..9...#   ####    #
35...0
32...1
32...2
32...3
35...4
35...5
35...6
35...7
32...8
32...9
32...10
32...11
35...12
On row..10...#   There~is#
35...0
32...1
32...2
32...3
84...4
104...5
101...6
114...7
101...8
126...9
105...10
115...11
35...12
On row..11...#~no#spoon.~#
35...0
126...1
110...2
111...3
35...4
115...5
112...6
111...7
111...8
110...9
46...10
126...11
35...12
On row..12...#   #       #
35...0
32...1
32...2
32...3
35...4
32...5
32...6
32...7
32...8
32...9
32...10
32...11
35...12
On row..13...#############
35...0
35...1
35...2
35...3
35...4
35...5
35...6
35...7
35...8
35...9
35...10
35...11
35...12
LLLL
On row..0...####################
35...0
35...1
35...2
35...3
35...4
35...5
35...6
35...7
35...8
35...9
35...10
35...11
35...12
35...13
35...14
35...15
35...16
35...17
35...18
35...19
On row..1...#That#Terminator is#
35...0
84...1
104...2
97...3
116...4
35...5
84...6
101...7
114...8
109...9
105...10
110...11
97...12
116...13
111...14
114...15
32...16
105...17
115...18
35...19
On row..2...#out # there. It~~~#
35...0
111...1
117...2
116...3
32...4
35...5
32...6
116...7
104...8
101...9
114...10
101...11
46...12
32...13
73...14
116...15
126...16
126...17
126...18
35...19
On row..3...# can't be reasoned#
35...0
32...1
99...2
97...3
110...4
39...5
116...6
32...7
98...8
101...9
32...10
114...11
101...12
97...13
115...14
111...15
110...16
101...17
100...18
35...19
On row..4...# with. It doesn't #
35...0
32...1
119...2
105...3
116...4
104...5
46...6
32...7
73...8
116...9
32...10
100...11
111...12
101...13
115...14
110...15
39...16
116...17
32...18
35...19
On row..5...#feel ### pity or###
35...0
102...1
101...2
101...3
108...4
32...5
35...6
35...7
35...8
32...9
112...10
105...11
116...12
121...13
32...14
111...15
114...16
35...17
35...18
35...19
On row..6...# remorse ### or ###
35...0
32...1
114...2
101...3
109...4
111...5
114...6
115...7
101...8
32...9
35...10
35...11
35...12
32...13
111...14
114...15
32...16
35...17
35...18
35...19
On row..7...# fear ~ and it ~  #
35...0
32...1
102...2
101...3
97...4
114...5
32...6
126...7
32...8
97...9
110...10
100...11
32...12
105...13
116...14
32...15
126...16
32...17
32...18
35...19
On row..8...# absolutely ~ will#
35...0
32...1
97...2
98...3
115...4
111...5
108...6
117...7
116...8
101...9
108...10
121...11
32...12
126...13
32...14
119...15
105...16
108...17
108...18
35...19
On row..9...#not ## stop. Ever.#
35...0
110...1
111...2
116...3
32...4
35...5
35...6
32...7
115...8
116...9
111...10
112...11
46...12
32...13
69...14
118...15
101...16
114...17
46...18
35...19
On row..10...# Until ~ you ~ are#
35...0
32...1
85...2
110...3
116...4
105...5
108...6
32...7
126...8
32...9
121...10
111...11
117...12
32...13
126...14
32...15
97...16
114...17
101...18
35...19
On row..11...#     ~ dead ~     #
35...0
32...1
32...2
32...3
32...4
32...5
126...6
32...7
100...8
101...9
97...10
100...11
32...12
126...13
32...14
32...15
32...16
32...17
32...18
35...19
On row..12...####################
35...0
35...1
35...2
35...3
35...4
35...5
35...6
35...7
35...8
35...9
35...10
35...11
35...12
35...13
35...14
35...15
35...16
35...17
35...18
35...19
On row..13.../1.35 1 1           
HI!
1.35
1
1
xx
On row..14.../1.45 3 10          
HI!
1.45
3
10
xx
On row..15.../1.4 10 10          
HI!
1.4
10
10
xx
LLLL
On row..0...####################
35...0
35...1
35...2
35...3
35...4
35...5
35...6
35...7
35...8
35...9
35...10
35...11
35...12
35...13
35...14
35...15
35...16
35...17
35...18
35...19
On row..1...#That#Terminator is#
35...0
84...1
104...2
97...3
116...4
35...5
84...6
101...7
114...8
109...9
105...10
110...11
97...12
116...13
111...14
114...15
32...16
105...17
115...18
35...19
On row..2...#out # there. It~~~#
35...0
111...1
117...2
116...3
32...4
35...5
32...6
116...7
104...8
101...9
114...10
101...11
46...12
32...13
73...14
116...15
126...16
126...17
126...18
35...19
On row..3...# can't be reasoned#
35...0
32...1
99...2
97...3
110...4
39...5
116...6
32...7
98...8
101...9
32...10
114...11
101...12
97...13
115...14
111...15
110...16
101...17
100...18
35...19
On row..4...# with. It doesn't #
35...0
32...1
119...2
105...3
116...4
104...5
46...6
32...7
73...8
116...9
32...10
100...11
111...12
101...13
115...14
110...15
39...16
116...17
32...18
35...19
On row..5...#feel ### pity or###
35...0
102...1
101...2
101...3
108...4
32...5
35...6
35...7
35...8
32...9
112...10
105...11
116...12
121...13
32...14
111...15
114...16
35...17
35...18
35...19
On row..6...# remorse ### or ###
35...0
32...1
114...2
101...3
109...4
111...5
114...6
115...7
101...8
32...9
35...10
35...11
35...12
32...13
111...14
114...15
32...16
35...17
35...18
35...19
On row..7...# fear ~ and it ~  #
35...0
32...1
102...2
101...3
97...4
114...5
32...6
126...7
32...8
97...9
110...10
100...11
32...12
105...13
116...14
32...15
126...16
32...17
32...18
35...19
On row..8...# absolutely ~ will#
35...0
32...1
97...2
98...3
115...4
111...5
108...6
117...7
116...8
101...9
108...10
121...11
32...12
126...13
32...14
119...15
105...16
108...17
108...18
35...19
On row..9...#not ## stop. Ever.#
35...0
110...1
111...2
116...3
32...4
35...5
35...6
32...7
115...8
116...9
111...10
112...11
46...12
32...13
69...14
118...15
101...16
114...17
46...18
35...19
On row..10...# Until ~ you ~ are#
35...0
32...1
85...2
110...3
116...4
105...5
108...6
32...7
126...8
32...9
121...10
111...11
117...12
32...13
126...14
32...15
97...16
114...17
101...18
35...19
On row..11...#     ~ dead ~     #
35...0
32...1
32...2
32...3
32...4
32...5
126...6
32...7
100...8
101...9
97...10
100...11
32...12
126...13
32...14
32...15
32...16
32...17
32...18
35...19
On row..12...####################
35...0
35...1
35...2
35...3
35...4
35...5
35...6
35...7
35...8
35...9
35...10
35...11
35...12
35...13
35...14
35...15
35...16
35...17
35...18
35...19
On row..13.../1.35 1 1           
HI!
1.35
1
1
xx
On row..14.../1.45 3 10          
HI!
1.45
3
10
xx
On row..15.../1.4 10 10          
HI!
1.4
10
10
xx
LLLL
On row..0...#############
35...0
35...1
35...2
35...3
35...4
35...5
35...6
35...7
35...8
35...9
35...10
35...11
35...12
On row..1...#Do~  #not~ #
35...0
68...1
111...2
126...3
32...4
32...5
35...6
110...7
111...8
116...9
126...10
32...11
35...12
On row..2...# try #~and #
35...0
32...1
116...2
114...3
121...4
32...5
35...6
126...7
97...8
110...9
100...10
32...11
35...12
On row..3...#bend #the~ #
35...0
98...1
101...2
110...3
100...4
32...5
35...6
116...7
104...8
101...9
126...10
32...11
35...12
On row..4...####spoon####
35...0
35...1
35...2
35...3
115...4
112...5
111...6
111...7
110...8
35...9
35...10
35...11
35...12
On row..5...# ~Instead, #
35...0
32...1
126...2
73...3
110...4
115...5
116...6
101...7
97...8
100...9
44...10
32...11
35...12
On row..6...#####try#####
35...0
35...1
35...2
35...3
35...4
116...5
114...6
121...7
35...8
35...9
35...10
35...11
35...12
On row..7...#to realize #
35...0
116...1
111...2
32...3
114...4
101...5
97...6
108...7
105...8
122...9
101...10
32...11
35...12
On row..8...#the#truth. #
35...0
116...1
104...2
101...3
35...4
116...5
114...6
117...7
116...8
104...9
46...10
32...11
35...12
On row..9...#   ####    #
35...0
32...1
32...2
32...3
35...4
35...5
35...6
35...7
32...8
32...9
32...10
32...11
35...12
On row..10...#   There~is#
35...0
32...1
32...2
32...3
84...4
104...5
101...6
114...7
101...8
126...9
105...10
115...11
35...12
On row..11...#~no#spoon.~#
35...0
126...1
110...2
111...3
35...4
115...5
112...6
111...7
111...8
110...9
46...10
126...11
35...12
On row..12...#   #       #
35...0
32...1
32...2
32...3
35...4
32...5
32...6
32...7
32...8
32...9
32...10
32...11
35...12
On row..13...#############
35...0
35...1
35...2
35...3
35...4
35...5
35...6
35...7
35...8
35...9
35...10
35...11
35...12
On row..14.../1.2 1 1     
HI!
1.2
1
1
xx
On row..15.../.8 8 12
HI!
.8
8
12
xx
On row..16.../1.4 10 1
HI!
1.4
10
1
xx
LLLL
On row..0...####################
35...0
35...1
35...2
35...3
35...4
35...5
35...6
35...7
35...8
35...9
35...10
35...11
35...12
35...13
35...14
35...15
35...16
35...17
35...18
35...19
On row..1...#That#Terminator is#
35...0
84...1
104...2
97...3
116...4
35...5
84...6
101...7
114...8
109...9
105...10
110...11
97...12
116...13
111...14
114...15
32...16
105...17
115...18
35...19
On row..2...#out # there. It~~~#
35...0
111...1
117...2
116...3
32...4
35...5
32...6
116...7
104...8
101...9
114...10
101...11
46...12
32...13
73...14
116...15
126...16
126...17
126...18
35...19
On row..3...# can't be reasoned#
35...0
32...1
99...2
97...3
110...4
39...5
116...6
32...7
98...8
101...9
32...10
114...11
101...12
97...13
115...14
111...15
110...16
101...17
100...18
35...19
On row..4...# with. It doesn't #
35...0
32...1
119...2
105...3
116...4
104...5
46...6
32...7
73...8
116...9
32...10
100...11
111...12
101...13
115...14
110...15
39...16
116...17
32...18
35...19
On row..5...#feel ### pity or###
35...0
102...1
101...2
101...3
108...4
32...5
35...6
35...7
35...8
32...9
112...10
105...11
116...12
121...13
32...14
111...15
114...16
35...17
35...18
35...19
On row..6...# remorse ### or ###
35...0
32...1
114...2
101...3
109...4
111...5
114...6
115...7
101...8
32...9
35...10
35...11
35...12
32...13
111...14
114...15
32...16
35...17
35...18
35...19
On row..7...# fear ~ and it ~  #
35...0
32...1
102...2
101...3
97...4
114...5
32...6
126...7
32...8
97...9
110...10
100...11
32...12
105...13
116...14
32...15
126...16
32...17
32...18
35...19
On row..8...# absolutely ~ will#
35...0
32...1
97...2
98...3
115...4
111...5
108...6
117...7
116...8
101...9
108...10
121...11
32...12
126...13
32...14
119...15
105...16
108...17
108...18
35...19
On row..9...#not ## stop. Ever.#
35...0
110...1
111...2
116...3
32...4
35...5
35...6
32...7
115...8
116...9
111...10
112...11
46...12
32...13
69...14
118...15
101...16
114...17
46...18
35...19
On row..10...# Until ~ you ~ are#
35...0
32...1
85...2
110...3
116...4
105...5
108...6
32...7
126...8
32...9
121...10
111...11
117...12
32...13
126...14
32...15
97...16
114...17
101...18
35...19
On row..11...#     ~ dead ~     #
35...0
32...1
32...2
32...3
32...4
32...5
126...6
32...7
100...8
101...9
97...10
100...11
32...12
126...13
32...14
32...15
32...16
32...17
32...18
35...19
On row..12...####################
35...0
35...1
35...2
35...3
35...4
35...5
35...6
35...7
35...8
35...9
35...10
35...11
35...12
35...13
35...14
35...15
35...16
35...17
35...18
35...19
On row..13.../1.35 1 1           
HI!
1.35
1
1
xx
On row..14.../1.45 3 10          
HI!
1.45
3
10
xx
On row..15.../1.4 10 10          
HI!
1.4
10
10
xx
LLLL
On row..0...####################
35...0
35...1
35...2
35...3
35...4
35...5
35...6
35...7
35...8
35...9
35...10
35...11
35...12
35...13
35...14
35...15
35...16
35...17
35...18
35...19
On row..1...#That#Terminator is#
35...0
84...1
104...2
97...3
116...4
35...5
84...6
101...7
114...8
109...9
105...10
110...11
97...12
116...13
111...14
114...15
32...16
105...17
115...18
35...19
On row..2...#out # there. It~~~#
35...0
111...1
117...2
116...3
32...4
35...5
32...6
116...7
104...8
101...9
114...10
101...11
46...12
32...13
73...14
116...15
126...16
126...17
126...18
35...19
On row..3...# can't be reasoned#
35...0
32...1
99...2
97...3
110...4
39...5
116...6
32...7
98...8
101...9
32...10
114...11
101...12
97...13
115...14
111...15
110...16
101...17
100...18
35...19
On row..4...# with. It doesn't #
35...0
32...1
119...2
105...3
116...4
104...5
46...6
32...7
73...8
116...9
32...10
100...11
111...12
101...13
115...14
110...15
39...16
116...17
32...18
35...19
On row..5...#feel ### pity or###
35...0
102...1
101...2
101...3
108...4
32...5
35...6
35...7
35...8
32...9
112...10
105...11
116...12
121...13
32...14
111...15
114...16
35...17
35...18
35...19
On row..6...# remorse ### or ###
35...0
32...1
114...2
101...3
109...4
111...5
114...6
115...7
101...8
32...9
35...10
35...11
35...12
32...13
111...14
114...15
32...16
35...17
35...18
35...19
On row..7...# fear ~ and it ~  #
35...0
32...1
102...2
101...3
97...4
114...5
32...6
126...7
32...8
97...9
110...10
100...11
32...12
105...13
116...14
32...15
126...16
32...17
32...18
35...19
On row..8...# absolutely ~ will#
35...0
32...1
97...2
98...3
115...4
111...5
108...6
117...7
116...8
101...9
108...10
121...11
32...12
126...13
32...14
119...15
105...16
108...17
108...18
35...19
On row..9...#not ## stop. Ever.#
35...0
110...1
111...2
116...3
32...4
35...5
35...6
32...7
115...8
116...9
111...10
112...11
46...12
32...13
69...14
118...15
101...16
114...17
46...18
35...19
On row..10...# Until ~ you ~ are#
35...0
32...1
85...2
110...3
116...4
105...5
108...6
32...7
126...8
32...9
121...10
111...11
117...12
32...13
126...14
32...15
97...16
114...17
101...18
35...19
On row..11...#     ~ dead ~     #
35...0
32...1
32...2
32...3
32...4
32...5
126...6
32...7
100...8
101...9
97...10
100...11
32...12
126...13
32...14
32...15
32...16
32...17
32...18
35...19
On row..12...####################
35...0
35...1
35...2
35...3
35...4
35...5
35...6
35...7
35...8
35...9
35...10
35...11
35...12
35...13
35...14
35...15
35...16
35...17
35...18
35...19
On row..13.../1.35 1 1           
HI!
1.35
1
1
xx
On row..14.../1.45 3 10          
HI!
1.45
3
10
xx
On row..15.../1.4 10 10          
HI!
1.4
10
10
xx
LLLL
X
X
X
X
X
X
X
X
X
X
X
X
X
X
X
X
X
On row..0...####################
35...0
35...1
35...2
35...3
35...4
35...5
35...6
35...7
35...8
35...9
35...10
35...11
35...12
35...13
35...14
35...15
35...16
35...17
35...18
35...19
On row..1...#That#Terminator is#
35...0
84...1
104...2
97...3
116...4
35...5
84...6
101...7
114...8
109...9
105...10
110...11
97...12
116...13
111...14
114...15
32...16
105...17
115...18
35...19
On row..2...#out # there. It~~~#
35...0
111...1
117...2
116...3
32...4
35...5
32...6
116...7
104...8
101...9
114...10
101...11
46...12
32...13
73...14
116...15
126...16
126...17
126...18
35...19
On row..3...# can't be reasoned#
35...0
32...1
99...2
97...3
110...4
39...5
116...6
32...7
98...8
101...9
32...10
114...11
101...12
97...13
115...14
111...15
110...16
101...17
100...18
35...19
On row..4...# with. It doesn't #
35...0
32...1
119...2
105...3
116...4
104...5
46...6
32...7
73...8
116...9
32...10
100...11
111...12
101...13
115...14
110...15
39...16
116...17
32...18
35...19
On row..5...#feel ### pity or###
35...0
102...1
101...2
101...3
108...4
32...5
35...6
35...7
35...8
32...9
112...10
105...11
116...12
121...13
32...14
111...15
114...16
35...17
35...18
35...19
On row..6...# remorse ### or ###
35...0
32...1
114...2
101...3
109...4
111...5
114...6
115...7
101...8
32...9
35...10
35...11
35...12
32...13
111...14
114...15
32...16
35...17
35...18
35...19
On row..7...# fear ~ and it ~  #
35...0
32...1
102...2
101...3
97...4
114...5
32...6
126...7
32...8
97...9
110...10
100...11
32...12
105...13
116...14
32...15
126...16
32...17
32...18
35...19
On row..8...# absolutely ~ will#
35...0
32...1
97...2
98...3
115...4
111...5
108...6
117...7
116...8
101...9
108...10
121...11
32...12
126...13
32...14
119...15
105...16
108...17
108...18
35...19
On row..9...#not ## stop. Ever.#
35...0
110...1
111...2
116...3
32...4
35...5
35...6
32...7
115...8
116...9
111...10
112...11
46...12
32...13
69...14
118...15
101...16
114...17
46...18
35...19
On row..10...# Until ~ you ~ are#
35...0
32...1
85...2
110...3
116...4
105...5
108...6
32...7
126...8
32...9
121...10
111...11
117...12
32...13
126...14
32...15
97...16
114...17
101...18
35...19
On row..11...#     ~ dead ~     #
35...0
32...1
32...2
32...3
32...4
32...5
126...6
32...7
100...8
101...9
97...10
100...11
32...12
126...13
32...14
32...15
32...16
32...17
32...18
35...19
On row..12...####################
35...0
35...1
35...2
35...3
35...4
35...5
35...6
35...7
35...8
35...9
35...10
35...11
35...12
35...13
35...14
35...15
35...16
35...17
35...18
35...19
On row..13.../1.35 1 1           
HI!
1.35
1
1
xx
On row..14.../1.45 3 10          
HI!
1.45
3
10
xx
On row..15.../1.4 10 10          
HI!
1.4
10
10
xx
LLLL
X
X
X
On row..0...####################
35...0
35...1
35...2
35...3
35...4
35...5
35...6
35...7
35...8
35...9
35...10
35...11
35...12
35...13
35...14
35...15
35...16
35...17
35...18
35...19
On row..1...#That#Terminator is#
35...0
84...1
104...2
97...3
116...4
35...5
84...6
101...7
114...8
109...9
105...10
110...11
97...12
116...13
111...14
114...15
32...16
105...17
115...18
35...19
On row..2...#out # there. It~~~#
35...0
111...1
117...2
116...3
32...4
35...5
32...6
116...7
104...8
101...9
114...10
101...11
46...12
32...13
73...14
116...15
126...16
126...17
126...18
35...19
On row..3...# can't be reasoned#
35...0
32...1
99...2
97...3
110...4
39...5
116...6
32...7
98...8
101...9
32...10
114...11
101...12
97...13
115...14
111...15
110...16
101...17
100...18
35...19
On row..4...# with. It doesn't #
35...0
32...1
119...2
105...3
116...4
104...5
46...6
32...7
73...8
116...9
32...10
100...11
111...12
101...13
115...14
110...15
39...16
116...17
32...18
35...19
On row..5...#feel ### pity or###
35...0
102...1
101...2
101...3
108...4
32...5
35...6
35...7
35...8
32...9
112...10
105...11
116...12
121...13
32...14
111...15
114...16
35...17
35...18
35...19
On row..6...# remorse ### or ###
35...0
32...1
114...2
101...3
109...4
111...5
114...6
115...7
101...8
32...9
35...10
35...11
35...12
32...13
111...14
114...15
32...16
35...17
35...18
35...19
On row..7...# fear ~ and it ~  #
35...0
32...1
102...2
101...3
97...4
114...5
32...6
126...7
32...8
97...9
110...10
100...11
32...12
105...13
116...14
32...15
126...16
32...17
32...18
35...19
On row..8...# absolutely ~ will#
35...0
32...1
97...2
98...3
115...4
111...5
108...6
117...7
116...8
101...9
108...10
121...11
32...12
126...13
32...14
119...15
105...16
108...17
108...18
35...19
On row..9...#not ## stop. Ever.#
35...0
110...1
111...2
116...3
32...4
35...5
35...6
32...7
115...8
116...9
111...10
112...11
46...12
32...13
69...14
118...15
101...16
114...17
46...18
35...19
On row..10...# Until ~ you ~ are#
35...0
32...1
85...2
110...3
116...4
105...5
108...6
32...7
126...8
32...9
121...10
111...11
117...12
32...13
126...14
32...15
97...16
114...17
101...18
35...19
On row..11...#     ~ dead ~     #
35...0
32...1
32...2
32...3
32...4
32...5
126...6
32...7
100...8
101...9
97...10
100...11
32...12
126...13
32...14
32...15
32...16
32...17
32...18
35...19
On row..12...####################
35...0
35...1
35...2
35...3
35...4
35...5
35...6
35...7
35...8
35...9
35...10
35...11
35...12
35...13
35...14
35...15
35...16
35...17
35...18
35...19
On row..13.../1.35 1 1           
HI!
1.35
1
1
xx
On row..14.../1.45 3 10          
HI!
1.45
3
10
xx
On row..15.../1.4 10 10          
HI!
1.4
10
10
xx
LLLL
On row..0...####################
35...0
35...1
35...2
35...3
35...4
35...5
35...6
35...7
35...8
35...9
35...10
35...11
35...12
35...13
35...14
35...15
35...16
35...17
35...18
35...19
On row..1...#That#Terminator is#
35...0
84...1
104...2
97...3
116...4
35...5
84...6
101...7
114...8
109...9
105...10
110...11
97...12
116...13
111...14
114...15
32...16
105...17
115...18
35...19
On row..2...#out # there. It~~~#
35...0
111...1
117...2
116...3
32...4
35...5
32...6
116...7
104...8
101...9
114...10
101...11
46...12
32...13
73...14
116...15
126...16
126...17
126...18
35...19
On row..3...# can't be reasoned#
35...0
32...1
99...2
97...3
110...4
39...5
116...6
32...7
98...8
101...9
32...10
114...11
101...12
97...13
115...14
111...15
110...16
101...17
100...18
35...19
On row..4...# with. It doesn't #
35...0
32...1
119...2
105...3
116...4
104...5
46...6
32...7
73...8
116...9
32...10
100...11
111...12
101...13
115...14
110...15
39...16
116...17
32...18
35...19
On row..5...#feel ### pity or###
35...0
102...1
101...2
101...3
108...4
32...5
35...6
35...7
35...8
32...9
112...10
105...11
116...12
121...13
32...14
111...15
114...16
35...17
35...18
35...19
On row..6...# remorse ### or ###
35...0
32...1
114...2
101...3
109...4
111...5
114...6
115...7
101...8
32...9
35...10
35...11
35...12
32...13
111...14
114...15
32...16
35...17
35...18
35...19
On row..7...# fear ~ and it ~  #
35...0
32...1
102...2
101...3
97...4
114...5
32...6
126...7
32...8
97...9
110...10
100...11
32...12
105...13
116...14
32...15
126...16
32...17
32...18
35...19
On row..8...# absolutely ~ will#
35...0
32...1
97...2
98...3
115...4
111...5
108...6
117...7
116...8
101...9
108...10
121...11
32...12
126...13
32...14
119...15
105...16
108...17
108...18
35...19
On row..9...#not ## stop. Ever.#
35...0
110...1
111...2
116...3
32...4
35...5
35...6
32...7
115...8
116...9
111...10
112...11
46...12
32...13
69...14
118...15
101...16
114...17
46...18
35...19
On row..10...# Until ~ you ~ are#
35...0
32...1
85...2
110...3
116...4
105...5
108...6
32...7
126...8
32...9
121...10
111...11
117...12
32...13
126...14
32...15
97...16
114...17
101...18
35...19
On row..11...#     ~ dead ~     #
35...0
32...1
32...2
32...3
32...4
32...5
126...6
32...7
100...8
101...9
97...10
100...11
32...12
126...13
32...14
32...15
32...16
32...17
32...18
35...19
On row..12...####################
35...0
35...1
35...2
35...3
35...4
35...5
35...6
35...7
35...8
35...9
35...10
35...11
35...12
35...13
35...14
35...15
35...16
35...17
35...18
35...19
On row..13.../1.35 1 1           
HI!
1.35
1
1
xx
On row..14.../1.45 3 10          
HI!
1.45
3
10
xx
On row..15.../1.4 10 10          
HI!
1.4
10
10
xx
LLLL
On row..0...#############
35...0
35...1
35...2
35...3
35...4
35...5
35...6
35...7
35...8
35...9
35...10
35...11
35...12
On row..1...#Do~  #not~ #
35...0
68...1
111...2
126...3
32...4
32...5
35...6
110...7
111...8
116...9
126...10
32...11
35...12
On row..2...# try #~and #
35...0
32...1
116...2
114...3
121...4
32...5
35...6
126...7
97...8
110...9
100...10
32...11
35...12
On row..3...#bend #the~ #
35...0
98...1
101...2
110...3
100...4
32...5
35...6
116...7
104...8
101...9
126...10
32...11
35...12
On row..4...####spoon####
35...0
35...1
35...2
35...3
115...4
112...5
111...6
111...7
110...8
35...9
35...10
35...11
35...12
On row..5...# ~Instead, #
35...0
32...1
126...2
73...3
110...4
115...5
116...6
101...7
97...8
100...9
44...10
32...11
35...12
On row..6...#####try#####
35...0
35...1
35...2
35...3
35...4
116...5
114...6
121...7
35...8
35...9
35...10
35...11
35...12
On row..7...#to realize #
35...0
116...1
111...2
32...3
114...4
101...5
97...6
108...7
105...8
122...9
101...10
32...11
35...12
On row..8...#the#truth. #
35...0
116...1
104...2
101...3
35...4
116...5
114...6
117...7
116...8
104...9
46...10
32...11
35...12
On row..9...#   ####    #
35...0
32...1
32...2
32...3
35...4
35...5
35...6
35...7
32...8
32...9
32...10
32...11
35...12
On row..10...#   There~is#
35...0
32...1
32...2
32...3
84...4
104...5
101...6
114...7
101...8
126...9
105...10
115...11
35...12
On row..11...#~no#spoon.~#
35...0
126...1
110...2
111...3
35...4
115...5
112...6
111...7
111...8
110...9
46...10
126...11
35...12
On row..12...#   #       #
35...0
32...1
32...2
32...3
35...4
32...5
32...6
32...7
32...8
32...9
32...10
32...11
35...12
On row..13...#############
35...0
35...1
35...2
35...3
35...4
35...5
35...6
35...7
35...8
35...9
35...10
35...11
35...12
On row..14.../1.2 1 1     
HI!
1.2
1
1
xx
On row..15.../.8 8 12
HI!
.8
8
12
xx
On row..16.../1.4 10 1
HI!
1.4
10
1
xx
LLLL
On row..0...####################
35...0
35...1
35...2
35...3
35...4
35...5
35...6
35...7
35...8
35...9
35...10
35...11
35...12
35...13
35...14
35...15
35...16
35...17
35...18
35...19
On row..1...#That#Terminator is#
35...0
84...1
104...2
97...3
116...4
35...5
84...6
101...7
114...8
109...9
105...10
110...11
97...12
116...13
111...14
114...15
32...16
105...17
115...18
35...19
On row..2...#out # there. It~~~#
35...0
111...1
117...2
116...3
32...4
35...5
32...6
116...7
104...8
101...9
114...10
101...11
46...12
32...13
73...14
116...15
126...16
126...17
126...18
35...19
On row..3...# can't be reasoned#
35...0
32...1
99...2
97...3
110...4
39...5
116...6
32...7
98...8
101...9
32...10
114...11
101...12
97...13
115...14
111...15
110...16
101...17
100...18
35...19
On row..4...# with. It doesn't #
35...0
32...1
119...2
105...3
116...4
104...5
46...6
32...7
73...8
116...9
32...10
100...11
111...12
101...13
115...14
110...15
39...16
116...17
32...18
35...19
On row..5...#feel ### pity or###
35...0
102...1
101...2
101...3
108...4
32...5
35...6
35...7
35...8
32...9
112...10
105...11
116...12
121...13
32...14
111...15
114...16
35...17
35...18
35...19
On row..6...# remorse ### or ###
35...0
32...1
114...2
101...3
109...4
111...5
114...6
115...7
101...8
32...9
35...10
35...11
35...12
32...13
111...14
114...15
32...16
35...17
35...18
35...19
On row..7...# fear ~ and it ~  #
35...0
32...1
102...2
101...3
97...4
114...5
32...6
126...7
32...8
97...9
110...10
100...11
32...12
105...13
116...14
32...15
126...16
32...17
32...18
35...19
On row..8...# absolutely ~ will#
35...0
32...1
97...2
98...3
115...4
111...5
108...6
117...7
116...8
101...9
108...10
121...11
32...12
126...13
32...14
119...15
105...16
108...17
108...18
35...19
On row..9...#not ## stop. Ever.#
35...0
110...1
111...2
116...3
32...4
35...5
35...6
32...7
115...8
116...9
111...10
112...11
46...12
32...13
69...14
118...15
101...16
114...17
46...18
35...19
On row..10...# Until ~ you ~ are#
35...0
32...1
85...2
110...3
116...4
105...5
108...6
32...7
126...8
32...9
121...10
111...11
117...12
32...13
126...14
32...15
97...16
114...17
101...18
35...19
On row..11...#     ~ dead ~     #
35...0
32...1
32...2
32...3
32...4
32...5
126...6
32...7
100...8
101...9
97...10
100...11
32...12
126...13
32...14
32...15
32...16
32...17
32...18
35...19
On row..12...####################
35...0
35...1
35...2
35...3
35...4
35...5
35...6
35...7
35...8
35...9
35...10
35...11
35...12
35...13
35...14
35...15
35...16
35...17
35...18
35...19
On row..13.../1.35 1 1           
HI!
1.35
1
1
xx
On row..14.../1.45 3 10          
HI!
1.45
3
10
xx
On row..15.../1.4 10 10          
HI!
1.4
10
10
xx
LLLL
